# JRE version: Java(TM) SE Runtime Environment (8.0_421) (build 1.8.0_421-b09)
# Java VM: Java HotSpot(TM) 64-Bit Server VM (25.421-b09 mixed mode linux-amd64 compressed oops)
Heap:
 PSYoungGen      total 224256K, used 5904K [0x00000000d7580000, 0x00000000e7480000, 0x0000000100000000)
  eden space 216064K, 0% used [0x00000000d7580000,0x00000000d7580000,0x00000000e4880000)
  from space 8192K, 72% used [0x00000000e6480000,0x00000000e6a44010,0x00000000e6c80000)
  to   space 2560K, 0% used [0x00000000e7200000,0x00000000e7200000,0x00000000e7480000)
 ParOldGen       total 48128K, used 7659K [0x0000000086000000, 0x0000000088f00000, 0x00000000d7580000)
  object space 48128K, 15% used [0x0000000086000000,0x000000008677ad18,0x0000000088f00000)
 Metaspace       used 25560K, capacity 26746K, committed 26880K, reserved 1073152K
  class space    used 3048K, capacity 3291K, committed 3328K, reserved 1048576K
GC Heap History (10 events):
Event: 2.584 GC heap after
Heap after GC invocations=3 (full 0):
 PSYoungGen      total 67584K, used 4512K [0x00000000d7580000, 0x00000000df980000, 0x0000000100000000)
  eden space 62464K, 0% used [0x00000000d7580000,0x00000000d7580000,0x00000000db280000)
  from space 5120K, 88% used [0x00000000db280000,0x00000000db6e8040,0x00000000db780000)
  to   space 5120K, 0% used [0x00000000df480000,0x00000000df480000,0x00000000df980000)
 ParOldGen       total 83456K, used 32K [0x0000000086000000, 0x000000008b180000, 0x00000000d7580000)
  object space 83456K, 0% used [0x0000000086000000,0x0000000086008000,0x000000008b180000)
 Metaspace       used 14626K, capacity 15168K, committed 15360K, reserved 1062912K
  class space    used 1815K, capacity 1956K, committed 2048K, reserved 1048576K
}
Event: 3.459 GC heap before
{Heap before GC invocations=4 (full 0):
 PSYoungGen      total 67584K, used 66976K [0x00000000d7580000, 0x00000000df980000, 0x0000000100000000)
  eden space 62464K, 100% used [0x00000000d7580000,0x00000000db280000,0x00000000db280000)
  from space 5120K, 88% used [0x00000000db280000,0x00000000db6e8040,0x00000000db780000)
  to   space 5120K, 0% used [0x00000000df480000,0x00000000df480000,0x00000000df980000)
 ParOldGen       total 83456K, used 32K [0x0000000086000000, 0x000000008b180000, 0x00000000d7580000)
  object space 83456K, 0% used [0x0000000086000000,0x0000000086008000,0x000000008b180000)
 Metaspace       used 17157K, capacity 17946K, committed 18048K, reserved 1064960K
  class space    used 2165K, capacity 2349K, committed 2432K, reserved 1048576K
Event: 3.573 GC heap after
Heap after GC invocations=4 (full 0):
 PSYoungGen      total 130048K, used 5088K [0x00000000d7580000, 0x00000000df980000, 0x0000000100000000)
  eden space 124928K, 0% used [0x00000000d7580000,0x00000000d7580000,0x00000000def80000)
  from space 5120K, 99% used [0x00000000df480000,0x00000000df978040,0x00000000df980000)
  to   space 5120K, 0% used [0x00000000def80000,0x00000000def80000,0x00000000df480000)
 ParOldGen       total 83456K, used 712K [0x0000000086000000, 0x000000008b180000, 0x00000000d7580000)
  object space 83456K, 0% used [0x0000000086000000,0x00000000860b2000,0x000000008b180000)
 Metaspace       used 17157K, capacity 17946K, committed 18048K, reserved 1064960K
  class space    used 2165K, capacity 2349K, committed 2432K, reserved 1048576K
}
Event: 4.732 GC heap before
{Heap before GC invocations=5 (full 0):
 PSYoungGen      total 130048K, used 87540K [0x00000000d7580000, 0x00000000df980000, 0x0000000100000000)
  eden space 124928K, 66% used [0x00000000d7580000,0x00000000dc605238,0x00000000def80000)
  from space 5120K, 99% used [0x00000000df480000,0x00000000df978040,0x00000000df980000)
  to   space 5120K, 0% used [0x00000000def80000,0x00000000def80000,0x00000000df480000)
 ParOldGen       total 83456K, used 712K [0x0000000086000000, 0x000000008b180000, 0x00000000d7580000)
  object space 83456K, 0% used [0x0000000086000000,0x00000000860b2000,0x000000008b180000)
 Metaspace       used 20169K, capacity 21214K, committed 21248K, reserved 1067008K
  class space    used 2591K, capacity 2813K, committed 2816K, reserved 1048576K
Event: 4.883 GC heap after
Heap after GC invocations=5 (full 0):
 PSYoungGen      total 130048K, used 5120K [0x00000000d7580000, 0x00000000e7a80000, 0x0000000100000000)
  eden space 124928K, 0% used [0x00000000d7580000,0x00000000d7580000,0x00000000def80000)
  from space 5120K, 100% used [0x00000000def80000,0x00000000df480000,0x00000000df480000)
  to   space 8704K, 0% used [0x00000000e7200000,0x00000000e7200000,0x00000000e7a80000)
 ParOldGen       total 83456K, used 2800K [0x0000000086000000, 0x000000008b180000, 0x00000000d7580000)
  object space 83456K, 3% used [0x0000000086000000,0x00000000862bc398,0x000000008b180000)
 Metaspace       used 20169K, capacity 21214K, committed 21248K, reserved 1067008K
  class space    used 2591K, capacity 2813K, committed 2816K, reserved 1048576K
}
Event: 4.883 GC heap before
{Heap before GC invocations=6 (full 1):
 PSYoungGen      total 130048K, used 5120K [0x00000000d7580000, 0x00000000e7a80000, 0x0000000100000000)
  eden space 124928K, 0% used [0x00000000d7580000,0x00000000d7580000,0x00000000def80000)
  from space 5120K, 100% used [0x00000000def80000,0x00000000df480000,0x00000000df480000)
  to   space 8704K, 0% used [0x00000000e7200000,0x00000000e7200000,0x00000000e7a80000)
 ParOldGen       total 83456K, used 2800K [0x0000000086000000, 0x000000008b180000, 0x00000000d7580000)
  object space 83456K, 3% used [0x0000000086000000,0x00000000862bc398,0x000000008b180000)
 Metaspace       used 20169K, capacity 21214K, committed 21248K, reserved 1067008K
  class space    used 2591K, capacity 2813K, committed 2816K, reserved 1048576K
Event: 4.957 GC heap after
Heap after GC invocations=6 (full 1):
 PSYoungGen      total 130048K, used 0K [0x00000000d7580000, 0x00000000e7a80000, 0x0000000100000000)
  eden space 124928K, 0% used [0x00000000d7580000,0x00000000d7580000,0x00000000def80000)
  from space 5120K, 0% used [0x00000000def80000,0x00000000def80000,0x00000000df480000)
  to   space 8704K, 0% used [0x00000000e7200000,0x00000000e7200000,0x00000000e7a80000)
 ParOldGen       total 48128K, used 7579K [0x0000000086000000, 0x0000000088f00000, 0x00000000d7580000)
  object space 48128K, 15% used [0x0000000086000000,0x0000000086766d08,0x0000000088f00000)
 Metaspace       used 20169K, capacity 21214K, committed 21248K, reserved 1067008K
  class space    used 2591K, capacity 2813K, committed 2816K, reserved 1048576K
}
Event: 6.805 GC heap before
{Heap before GC invocations=7 (full 1):
 PSYoungGen      total 130048K, used 124928K [0x00000000d7580000, 0x00000000e7a80000, 0x0000000100000000)
  eden space 124928K, 100% used [0x00000000d7580000,0x00000000def80000,0x00000000def80000)
  from space 5120K, 0% used [0x00000000def80000,0x00000000def80000,0x00000000df480000)
  to   space 8704K, 0% used [0x00000000e7200000,0x00000000e7200000,0x00000000e7a80000)
 ParOldGen       total 48128K, used 7579K [0x0000000086000000, 0x0000000088f00000, 0x00000000d7580000)
  object space 48128K, 15% used [0x0000000086000000,0x0000000086766d08,0x0000000088f00000)
 Metaspace       used 23960K, capacity 25126K, committed 25344K, reserved 1071104K
  class space    used 2985K, capacity 3233K, committed 3328K, reserved 1048576K
Event: 6.810 GC heap after
Heap after GC invocations=7 (full 1):
 PSYoungGen      total 218624K, used 2368K [0x00000000d7580000, 0x00000000e7480000, 0x0000000100000000)
  eden space 216064K, 0% used [0x00000000d7580000,0x00000000d7580000,0x00000000e4880000)
  from space 2560K, 92% used [0x00000000e7200000,0x00000000e7450030,0x00000000e7480000)
  to   space 8192K, 0% used [0x00000000e6480000,0x00000000e6480000,0x00000000e6c80000)
 ParOldGen       total 48128K, used 7651K [0x0000000086000000, 0x0000000088f00000, 0x00000000d7580000)
  object space 48128K, 15% used [0x0000000086000000,0x0000000086778d18,0x0000000088f00000)
 Metaspace       used 23960K, capacity 25126K, committed 25344K, reserved 1071104K
  class space    used 2985K, capacity 3233K, committed 3328K, reserved 1048576K
}
Event: 8.660 GC heap before
{Heap before GC invocations=8 (full 1):
 PSYoungGen      total 218624K, used 218432K [0x00000000d7580000, 0x00000000e7480000, 0x0000000100000000)
  eden space 216064K, 100% used [0x00000000d7580000,0x00000000e4880000,0x00000000e4880000)
  from space 2560K, 92% used [0x00000000e7200000,0x00000000e7450030,0x00000000e7480000)
  to   space 8192K, 0% used [0x00000000e6480000,0x00000000e6480000,0x00000000e6c80000)
 ParOldGen       total 48128K, used 7651K [0x0000000086000000, 0x0000000088f00000, 0x00000000d7580000)
  object space 48128K, 15% used [0x0000000086000000,0x0000000086778d18,0x0000000088f00000)
 Metaspace       used 25560K, capacity 26746K, committed 26880K, reserved 1073152K
  class space    used 3048K, capacity 3291K, committed 3328K, reserved 1048576K

